#
# A fatal error has been detected by the Java Runtime Environment:
#
#  SIGBUS (0x7) at pc=0x00007f1438c0dfa2, pid=7268, tid=139724853470976
#
# JRE version: 6.0_45-b06
# Java VM: Java HotSpot(TM) 64-Bit Server VM (20.45-b01 mixed mode linux-amd64 compressed oops)
# Problematic frame:
# C  [libdricore9.1.3.so.1+0x133fa2]  _mesa_make_temp_ubyte_image+0x1b02
#
# If you would like to submit a bug report, please visit:
#   http://java.sun.com/webapps/bugreport/crash.jsp
# The crash happened outside the Java Virtual Machine in native code.
# See problematic frame for where to report the bug.
#

---------------  T H R E A D  ---------------

Current thread (0x00007f149039e800):  JavaThread "LWJGL Application" [_thread_in_native, id=7295, stack(0x00007f143a31e000,0x00007f143a41f000)]

siginfo:si_signo=SIGBUS: si_errno=0, si_code=2 (BUS_ADRERR), si_addr=0x00007f1419fff000

Registers:
RAX=0x00007f141ffff010, RBX=0x0000000000001000, RCX=0x0000000000000000, RDX=0x00000000ff000000
RSP=0x00007f143a41cc90, RBP=0x0000000000001000, RSI=0x0000000000000000, RDI=0x00007f1419fff000
R8 =0x0000000000000000, R9 =0x0000000000001401, R10=0x0000000000000000, R11=0x00007f143a41cdb8
R12=0x0000000000000000, R13=0x0000000000004000, R14=0x0000000000004000, R15=0x00007f143a41cdb8
RIP=0x00007f1438c0dfa2, EFLAGS=0x0000000000010286, CSGSFS=0x0000000000000033, ERR=0x0000000000000006
  TRAPNO=0x000000000000000e

Top of Stack: (sp=0x00007f143a41cc90)
0x00007f143a41cc90:   0000000000001401 0000000000000000
0x00007f143a41cca0:   00007f1400000000 00007f1400000000
0x00007f143a41ccb0:   00007f1400001000 0000000000000000
0x00007f143a41ccc0:   0000100000000000 0000000100000001
0x00007f143a41ccd0:   00007f1400001000 0000000000004000
0x00007f143a41cce0:   00007f143a41cdb8 00007f143006a568
0x00007f143a41ccf0:   000000023a41cdb8 00007f141ffff010
0x00007f143a41cd00:   00007f141ffff010 3c7ee18be85c5d00
0x00007f143a41cd10:   00007f1400001000 0000000000000000
0x00007f143a41cd20:   00007f1430063bd0 00007f14307f8b70
0x00007f143a41cd30:   00007f143a41cdb8 0000000000000000
0x00007f143a41cd40:   00007f141ffff010 00007f1438c0f87e
0x00007f143a41cd50:   00007f1400001000 00007f1400001000
0x00007f143a41cd60:   00007f1400000001 00007f1400001908
0x00007f143a41cd70:   0000100000001401 00007f141ffff010
0x00007f143a41cd80:   00007f143006a568 00007f1430808380
0x00007f143a41cd90:   0000000600001000 0000000000000000
0x00007f143a41cda0:   0000000000000000 0000000200000001
0x00007f143a41cdb0:   00004000307b7400 00007f1419fff000
0x00007f143a41cdc0:   00007f143a41cdd0 00007f14307f8b70
0x00007f143a41cdd0:   00007f1430063bd0 00007f143006a568
0x00007f143a41cde0:   0000000000000002 00007f1430063bd0
0x00007f143a41cdf0:   0000000000001401 00007f1438c0fa41
0x00007f143a41ce00:   00007f1400001000 0000040000000001
0x00007f143a41ce10:   00007f1400001908 00007f1400001401
0x00007f143a41ce20:   00007f141ffff010 00007f143006a568
0x00007f143a41ce30:   00007f1438d5b090 00007f1490342988
0x00007f143a41ce40:   0000000c90342958 00007f141ffff010
0x00007f143a41ce50:   00007f1400001401 00007f1400001908
0x00007f143a41ce60:   0000000000000002 00007f14307f8b70
0x00007f143a41ce70:   0000000000000002 00007f141ffff010
0x00007f143a41ce80:   0000000000001908 00007f14390c7c62 

Instructions: (pc=0x00007f1438c0dfa2)
0x00007f1438c0df82:   54 88 03 0f b6 34 88 c1 e2 18 c1 e6 10 09 f2 0f
0x00007f1438c0df92:   b6 74 88 02 09 f2 0f b6 74 88 01 c1 e6 08 09 f2
0x00007f1438c0dfa2:   89 14 8f 48 83 c1 01 39 cb 7f d3 41 83 c0 01 4c
0x00007f1438c0dfb2:   01 ef 4c 01 f0 41 39 e8 75 b4 41 83 c4 01 49 83 

Register to memory mapping:

RAX=0x00007f141ffff010 is an unknown value
RBX=0x0000000000001000 is an unknown value
RCX=0x0000000000000000 is an unknown value
RDX=0x00000000ff000000 is an unknown value
RSP=0x00007f143a41cc90 is pointing into the stack for thread: 0x00007f149039e800
RBP=0x0000000000001000 is an unknown value
RSI=0x0000000000000000 is an unknown value
RDI=0x00007f1419fff000 is an unknown value
R8 =0x0000000000000000 is an unknown value
R9 =0x0000000000001401 is an unknown value
R10=0x0000000000000000 is an unknown value
R11=0x00007f143a41cdb8 is pointing into the stack for thread: 0x00007f149039e800
R12=0x0000000000000000 is an unknown value
R13=0x0000000000004000 is an unknown value
R14=0x0000000000004000 is an unknown value
R15=0x00007f143a41cdb8 is pointing into the stack for thread: 0x00007f149039e800


Stack: [0x00007f143a31e000,0x00007f143a41f000],  sp=0x00007f143a41cc90,  free space=1019k
Native frames: (J=compiled Java code, j=interpreted, Vv=VM code, C=native code)
C  [libdricore9.1.3.so.1+0x133fa2]  _mesa_make_temp_ubyte_image+0x1b02
